# JRE version: OpenJDK Runtime Environment Temurin-21.0.10+7 (21.0.10+7) (build 21.0.10+7-LTS)
# Java VM: OpenJDK 64-Bit Server VM Temurin-21.0.10+7 (21.0.10+7-LTS, mixed mode, sharing, tiered, compressed oops, compressed class ptrs, parallel gc, windows-amd64)
GC Precious Log:
 CardTable entry size: 512
 CPUs: 8 total, 8 available
 Memory: 7872M
 Large Page Support: Disabled
 NUMA Support: Disabled
 Compressed Oops: Enabled (32-bit)
 Alignments: Space 512K, Generation 512K, Heap 2M
 Heap Min Capacity: 100M
 Heap Initial Capacity: 100M
 Heap Max Capacity: 2G
 Pre-touch: Disabled
 Parallel Workers: 8
Heap:
 PSYoungGen      total 18944K, used 4522K [0x00000000d5580000, 0x00000000d7200000, 0x0000000100000000)
  eden space 18432K, 22% used [0x00000000d5580000,0x00000000d598a9a8,0x00000000d6780000)
  from space 512K, 75% used [0x00000000d7180000,0x00000000d71e0000,0x00000000d7200000)
  to   space 512K, 0% used [0x00000000d7100000,0x00000000d7100000,0x00000000d7180000)
 ParOldGen       total 114176K, used 113754K [0x0000000080000000, 0x0000000086f80000, 0x00000000d5580000)
  object space 114176K, 99% used [0x0000000080000000,0x0000000086f16b40,0x0000000086f80000)
 Metaspace       used 73478K, committed 75008K, reserved 1179648K
  class space    used 7755K, committed 8448K, reserved 1048576K
GC Heap History (20 events):
Event: 77.391 GC heap before
{Heap before GC invocations=88 (full 3):
 PSYoungGen      total 20992K, used 20662K [0x00000000d5580000, 0x00000000d7000000, 0x0000000100000000)
  eden space 18432K, 100% used [0x00000000d5580000,0x00000000d6780000,0x00000000d6780000)
  from space 2560K, 87% used [0x00000000d6d80000,0x00000000d6fada88,0x00000000d7000000)
  to   space 3584K, 0% used [0x00000000d6900000,0x00000000d6900000,0x00000000d6c80000)
 ParOldGen       total 98304K, used 98217K [0x0000000080000000, 0x0000000086000000, 0x00000000d5580000)
  object space 98304K, 99% used [0x0000000080000000,0x0000000085fea650,0x0000000086000000)
 Metaspace       used 70748K, committed 72256K, reserved 1114112K
  class space    used 7534K, committed 8192K, reserved 1048576K
}
Event: 77.396 GC heap after
{Heap after GC invocations=88 (full 3):
 PSYoungGen      total 20480K, used 1696K [0x00000000d5580000, 0x00000000d6e00000, 0x0000000100000000)
  eden space 18432K, 0% used [0x00000000d5580000,0x00000000d5580000,0x00000000d6780000)
  from space 2048K, 82% used [0x00000000d6900000,0x00000000d6aa8000,0x00000000d6b00000)
  to   space 2560K, 0% used [0x00000000d6b80000,0x00000000d6b80000,0x00000000d6e00000)
 ParOldGen       total 100352K, used 100287K [0x0000000080000000, 0x0000000086200000, 0x00000000d5580000)
  object space 100352K, 99% used [0x0000000080000000,0x00000000861efc58,0x0000000086200000)
 Metaspace       used 70748K, committed 72256K, reserved 1114112K
  class space    used 7534K, committed 8192K, reserved 1048576K
}
Event: 78.181 GC heap before
{Heap before GC invocations=89 (full 3):
 PSYoungGen      total 20480K, used 20128K [0x00000000d5580000, 0x00000000d6e00000, 0x0000000100000000)
  eden space 18432K, 100% used [0x00000000d5580000,0x00000000d6780000,0x00000000d6780000)
  from space 2048K, 82% used [0x00000000d6900000,0x00000000d6aa8000,0x00000000d6b00000)
  to   space 2560K, 0% used [0x00000000d6b80000,0x00000000d6b80000,0x00000000d6e00000)
 ParOldGen       total 100352K, used 100287K [0x0000000080000000, 0x0000000086200000, 0x00000000d5580000)
  object space 100352K, 99% used [0x0000000080000000,0x00000000861efc58,0x0000000086200000)
 Metaspace       used 71256K, committed 72768K, reserved 1114112K
  class space    used 7611K, committed 8256K, reserved 1048576K
}
Event: 78.186 GC heap after
{Heap after GC invocations=89 (full 3):
 PSYoungGen      total 19968K, used 1472K [0x00000000d5580000, 0x00000000d6d00000, 0x0000000100000000)
  eden space 18432K, 0% used [0x00000000d5580000,0x00000000d5580000,0x00000000d6780000)
  from space 1536K, 95% used [0x00000000d6b80000,0x00000000d6cf0000,0x00000000d6d00000)
  to   space 2048K, 0% used [0x00000000d6900000,0x00000000d6900000,0x00000000d6b00000)
 ParOldGen       total 101888K, used 101875K [0x0000000080000000, 0x0000000086380000, 0x00000000d5580000)
  object space 101888K, 99% used [0x0000000080000000,0x000000008637cf60,0x0000000086380000)
 Metaspace       used 71256K, committed 72768K, reserved 1114112K
  class space    used 7611K, committed 8256K, reserved 1048576K
}
Event: 79.365 GC heap before
{Heap before GC invocations=90 (full 3):
 PSYoungGen      total 19968K, used 19904K [0x00000000d5580000, 0x00000000d6d00000, 0x0000000100000000)
  eden space 18432K, 100% used [0x00000000d5580000,0x00000000d6780000,0x00000000d6780000)
  from space 1536K, 95% used [0x00000000d6b80000,0x00000000d6cf0000,0x00000000d6d00000)
  to   space 2048K, 0% used [0x00000000d6900000,0x00000000d6900000,0x00000000d6b00000)
 ParOldGen       total 101888K, used 101875K [0x0000000080000000, 0x0000000086380000, 0x00000000d5580000)
  object space 101888K, 99% used [0x0000000080000000,0x000000008637cf60,0x0000000086380000)
 Metaspace       used 71996K, committed 73600K, reserved 1114112K
  class space    used 7682K, committed 8384K, reserved 1048576K
}
Event: 79.373 GC heap after
{Heap after GC invocations=90 (full 3):
 PSYoungGen      total 20480K, used 2027K [0x00000000d5580000, 0x00000000d7d80000, 0x0000000100000000)
  eden space 18432K, 0% used [0x00000000d5580000,0x00000000d5580000,0x00000000d6780000)
  from space 2048K, 99% used [0x00000000d6900000,0x00000000d6afaf88,0x00000000d6b00000)
  to   space 11264K, 0% used [0x00000000d7280000,0x00000000d7280000,0x00000000d7d80000)
 ParOldGen       total 109568K, used 109301K [0x0000000080000000, 0x0000000086b00000, 0x00000000d5580000)
  object space 109568K, 99% used [0x0000000080000000,0x0000000086abd540,0x0000000086b00000)
 Metaspace       used 71996K, committed 73600K, reserved 1114112K
  class space    used 7682K, committed 8384K, reserved 1048576K
}
Event: 80.045 GC heap before
{Heap before GC invocations=91 (full 3):
 PSYoungGen      total 20480K, used 20459K [0x00000000d5580000, 0x00000000d7d80000, 0x0000000100000000)
  eden space 18432K, 100% used [0x00000000d5580000,0x00000000d6780000,0x00000000d6780000)
  from space 2048K, 99% used [0x00000000d6900000,0x00000000d6afaf88,0x00000000d6b00000)
  to   space 11264K, 0% used [0x00000000d7280000,0x00000000d7280000,0x00000000d7d80000)
 ParOldGen       total 109568K, used 109301K [0x0000000080000000, 0x0000000086b00000, 0x00000000d5580000)
  object space 109568K, 99% used [0x0000000080000000,0x0000000086abd540,0x0000000086b00000)
 Metaspace       used 72073K, committed 73664K, reserved 1114112K
  class space    used 7683K, committed 8384K, reserved 1048576K
}
Event: 80.049 GC heap after
{Heap after GC invocations=91 (full 3):
 PSYoungGen      total 20992K, used 2164K [0x00000000d5580000, 0x00000000d7500000, 0x0000000100000000)
  eden space 18432K, 0% used [0x00000000d5580000,0x00000000d5580000,0x00000000d6780000)
  from space 2560K, 84% used [0x00000000d7280000,0x00000000d749d220,0x00000000d7500000)
  to   space 5120K, 0% used [0x00000000d6b00000,0x00000000d6b00000,0x00000000d7000000)
 ParOldGen       total 111616K, used 111330K [0x0000000080000000, 0x0000000086d00000, 0x00000000d5580000)
  object space 111616K, 99% used [0x0000000080000000,0x0000000086cb8b10,0x0000000086d00000)
 Metaspace       used 72073K, committed 73664K, reserved 1114112K
  class space    used 7683K, committed 8384K, reserved 1048576K
}
Event: 680.289 GC heap before
{Heap before GC invocations=92 (full 3):
 PSYoungGen      total 20992K, used 20596K [0x00000000d5580000, 0x00000000d7500000, 0x0000000100000000)
  eden space 18432K, 99% used [0x00000000d5580000,0x00000000d677fff8,0x00000000d6780000)
  from space 2560K, 84% used [0x00000000d7280000,0x00000000d749d220,0x00000000d7500000)
  to   space 5120K, 0% used [0x00000000d6b00000,0x00000000d6b00000,0x00000000d7000000)
 ParOldGen       total 111616K, used 111330K [0x0000000080000000, 0x0000000086d00000, 0x00000000d5580000)
  object space 111616K, 99% used [0x0000000080000000,0x0000000086cb8b10,0x0000000086d00000)
 Metaspace       used 72834K, committed 74432K, reserved 1179648K
  class space    used 7753K, committed 8448K, reserved 1048576K
}
Event: 680.329 GC heap after
{Heap after GC invocations=92 (full 3):
 PSYoungGen      total 23552K, used 416K [0x00000000d5580000, 0x00000000d7300000, 0x0000000100000000)
  eden space 18432K, 0% used [0x00000000d5580000,0x00000000d5580000,0x00000000d6780000)
  from space 5120K, 8% used [0x00000000d6b00000,0x00000000d6b68000,0x00000000d7000000)
  to   space 1536K, 0% used [0x00000000d7180000,0x00000000d7180000,0x00000000d7300000)
 ParOldGen       total 113664K, used 113330K [0x0000000080000000, 0x0000000086f00000, 0x00000000d5580000)
  object space 113664K, 99% used [0x0000000080000000,0x0000000086eacb30,0x0000000086f00000)
 Metaspace       used 72834K, committed 74432K, reserved 1179648K
  class space    used 7753K, committed 8448K, reserved 1048576K
}
Event: 1086.648 GC heap before
{Heap before GC invocations=93 (full 3):
 PSYoungGen      total 23552K, used 18848K [0x00000000d5580000, 0x00000000d7300000, 0x0000000100000000)
  eden space 18432K, 100% used [0x00000000d5580000,0x00000000d6780000,0x00000000d6780000)
  from space 5120K, 8% used [0x00000000d6b00000,0x00000000d6b68000,0x00000000d7000000)
  to   space 1536K, 0% used [0x00000000d7180000,0x00000000d7180000,0x00000000d7300000)
 ParOldGen       total 113664K, used 113330K [0x0000000080000000, 0x0000000086f00000, 0x00000000d5580000)
  object space 113664K, 99% used [0x0000000080000000,0x0000000086eacb30,0x0000000086f00000)
 Metaspace       used 72993K, committed 74560K, reserved 1179648K
  class space    used 7753K, committed 8448K, reserved 1048576K
}
Event: 1086.667 GC heap after
{Heap after GC invocations=93 (full 3):
 PSYoungGen      total 18944K, used 320K [0x00000000d5580000, 0x00000000d7200000, 0x0000000100000000)
  eden space 18432K, 0% used [0x00000000d5580000,0x00000000d5580000,0x00000000d6780000)
  from space 512K, 62% used [0x00000000d7180000,0x00000000d71d0000,0x00000000d7200000)
  to   space 1024K, 0% used [0x00000000d7000000,0x00000000d7000000,0x00000000d7100000)
 ParOldGen       total 113664K, used 113546K [0x0000000080000000, 0x0000000086f00000, 0x00000000d5580000)
  object space 113664K, 99% used [0x0000000080000000,0x0000000086ee2b40,0x0000000086f00000)
 Metaspace       used 72993K, committed 74560K, reserved 1179648K
  class space    used 7753K, committed 8448K, reserved 1048576K
}
Event: 1487.762 GC heap before
{Heap before GC invocations=94 (full 3):
 PSYoungGen      total 18944K, used 18752K [0x00000000d5580000, 0x00000000d7200000, 0x0000000100000000)
  eden space 18432K, 100% used [0x00000000d5580000,0x00000000d6780000,0x00000000d6780000)
  from space 512K, 62% used [0x00000000d7180000,0x00000000d71d0000,0x00000000d7200000)
  to   space 1024K, 0% used [0x00000000d7000000,0x00000000d7000000,0x00000000d7100000)
 ParOldGen       total 113664K, used 113546K [0x0000000080000000, 0x0000000086f00000, 0x00000000d5580000)
  object space 113664K, 99% used [0x0000000080000000,0x0000000086ee2b40,0x0000000086f00000)
 Metaspace       used 73131K, committed 74624K, reserved 1179648K
  class space    used 7753K, committed 8448K, reserved 1048576K
}
Event: 1487.776 GC heap after
{Heap after GC invocations=94 (full 3):
 PSYoungGen      total 19456K, used 256K [0x00000000d5580000, 0x00000000d7200000, 0x0000000100000000)
  eden space 18432K, 0% used [0x00000000d5580000,0x00000000d5580000,0x00000000d6780000)
  from space 1024K, 25% used [0x00000000d7000000,0x00000000d7040000,0x00000000d7100000)
  to   space 512K, 0% used [0x00000000d7180000,0x00000000d7180000,0x00000000d7200000)
 ParOldGen       total 113664K, used 113594K [0x0000000080000000, 0x0000000086f00000, 0x00000000d5580000)
  object space 113664K, 99% used [0x0000000080000000,0x0000000086eeeb40,0x0000000086f00000)
 Metaspace       used 73131K, committed 74624K, reserved 1179648K
  class space    used 7753K, committed 8448K, reserved 1048576K
}
Event: 1677.406 GC heap before
{Heap before GC invocations=95 (full 3):
 PSYoungGen      total 19456K, used 18688K [0x00000000d5580000, 0x00000000d7200000, 0x0000000100000000)
  eden space 18432K, 100% used [0x00000000d5580000,0x00000000d6780000,0x00000000d6780000)
  from space 1024K, 25% used [0x00000000d7000000,0x00000000d7040000,0x00000000d7100000)
  to   space 512K, 0% used [0x00000000d7180000,0x00000000d7180000,0x00000000d7200000)
 ParOldGen       total 113664K, used 113594K [0x0000000080000000, 0x0000000086f00000, 0x00000000d5580000)
  object space 113664K, 99% used [0x0000000080000000,0x0000000086eeeb40,0x0000000086f00000)
 Metaspace       used 73212K, committed 74752K, reserved 1179648K
  class space    used 7753K, committed 8448K, reserved 1048576K
}
Event: 1677.409 GC heap after
{Heap after GC invocations=95 (full 3):
 PSYoungGen      total 18944K, used 320K [0x00000000d5580000, 0x00000000d7200000, 0x0000000100000000)
  eden space 18432K, 0% used [0x00000000d5580000,0x00000000d5580000,0x00000000d6780000)
  from space 512K, 62% used [0x00000000d7180000,0x00000000d71d0000,0x00000000d7200000)
  to   space 512K, 0% used [0x00000000d7100000,0x00000000d7100000,0x00000000d7180000)
 ParOldGen       total 113664K, used 113642K [0x0000000080000000, 0x0000000086f00000, 0x00000000d5580000)
  object space 113664K, 99% used [0x0000000080000000,0x0000000086efab40,0x0000000086f00000)
 Metaspace       used 73212K, committed 74752K, reserved 1179648K
  class space    used 7753K, committed 8448K, reserved 1048576K
}
Event: 1815.179 GC heap before
{Heap before GC invocations=96 (full 3):
 PSYoungGen      total 18944K, used 18752K [0x00000000d5580000, 0x00000000d7200000, 0x0000000100000000)
  eden space 18432K, 100% used [0x00000000d5580000,0x00000000d6780000,0x00000000d6780000)
  from space 512K, 62% used [0x00000000d7180000,0x00000000d71d0000,0x00000000d7200000)
  to   space 512K, 0% used [0x00000000d7100000,0x00000000d7100000,0x00000000d7180000)
 ParOldGen       total 113664K, used 113642K [0x0000000080000000, 0x0000000086f00000, 0x00000000d5580000)
  object space 113664K, 99% used [0x0000000080000000,0x0000000086efab40,0x0000000086f00000)
 Metaspace       used 73301K, committed 74816K, reserved 1179648K
  class space    used 7754K, committed 8448K, reserved 1048576K
}
Event: 1815.182 GC heap after
{Heap after GC invocations=96 (full 3):
 PSYoungGen      total 18944K, used 288K [0x00000000d5580000, 0x00000000d7200000, 0x0000000100000000)
  eden space 18432K, 0% used [0x00000000d5580000,0x00000000d5580000,0x00000000d6780000)
  from space 512K, 56% used [0x00000000d7100000,0x00000000d7148000,0x00000000d7180000)
  to   space 512K, 0% used [0x00000000d7180000,0x00000000d7180000,0x00000000d7200000)
 ParOldGen       total 114176K, used 113682K [0x0000000080000000, 0x0000000086f80000, 0x00000000d5580000)
  object space 114176K, 99% used [0x0000000080000000,0x0000000086f04b40,0x0000000086f80000)
 Metaspace       used 73301K, committed 74816K, reserved 1179648K
  class space    used 7754K, committed 8448K, reserved 1048576K
}
Event: 2056.097 GC heap before
{Heap before GC invocations=97 (full 3):
 PSYoungGen      total 18944K, used 18720K [0x00000000d5580000, 0x00000000d7200000, 0x0000000100000000)
  eden space 18432K, 100% used [0x00000000d5580000,0x00000000d6780000,0x00000000d6780000)
  from space 512K, 56% used [0x00000000d7100000,0x00000000d7148000,0x00000000d7180000)
  to   space 512K, 0% used [0x00000000d7180000,0x00000000d7180000,0x00000000d7200000)
 ParOldGen       total 114176K, used 113682K [0x0000000080000000, 0x0000000086f80000, 0x00000000d5580000)
  object space 114176K, 99% used [0x0000000080000000,0x0000000086f04b40,0x0000000086f80000)
 Metaspace       used 73405K, committed 74944K, reserved 1179648K
  class space    used 7754K, committed 8448K, reserved 1048576K
}
Event: 2056.108 GC heap after
{Heap after GC invocations=97 (full 3):
 PSYoungGen      total 18944K, used 384K [0x00000000d5580000, 0x00000000d7200000, 0x0000000100000000)
  eden space 18432K, 0% used [0x00000000d5580000,0x00000000d5580000,0x00000000d6780000)
  from space 512K, 75% used [0x00000000d7180000,0x00000000d71e0000,0x00000000d7200000)
  to   space 512K, 0% used [0x00000000d7100000,0x00000000d7100000,0x00000000d7180000)
 ParOldGen       total 114176K, used 113754K [0x0000000080000000, 0x0000000086f80000, 0x00000000d5580000)
  object space 114176K, 99% used [0x0000000080000000,0x0000000086f16b40,0x0000000086f80000)
 Metaspace       used 73405K, committed 74944K, reserved 1179648K
  class space    used 7754K, committed 8448K, reserved 1048576K
}

